# JRE version: OpenJDK Runtime Environment (25.0+36) (build 25+36-3489)
# Java VM: OpenJDK 64-Bit Server VM (25+36-3489, mixed mode, sharing, tiered, compressed oops, compressed class ptrs, g1 gc, windows-amd64)
GC Precious Log:
 CardTable entry size: 512
 Card Set container configuration: InlinePtr #cards 3 size 8 Array Of Cards #cards 128 size 272 Howl #buckets 8 coarsen threshold 29491 Howl Bitmap #cards 4096 size 528 coarsen threshold 3686 Card regions per heap region 1 cards per card region 32768
 CPUs: 32 total, 32 available
 Memory: 127G
 Large Page Support: Disabled
 NUMA Support: Disabled
 Compressed Oops: Enabled (Zero based)
 Heap Region Size: 16M
 Heap Min Capacity: 16M
 Heap Initial Capacity: 2G
 Heap Max Capacity: 30688M
 Pre-touch: Disabled
 Parallel Workers: 23
 Concurrent Workers: 6
 Concurrent Refinement Workers: 23
 Periodic GC: Disabled
Heap:
 garbage-first heap   total reserved 31424512K, committed 229376K, used 128251K [0x0000000082000000, 0x0000000800000000)
  region size 16384K, 5 young (81920K), 1 survivors (16384K)
GC Heap Usage History (20 events):
Event: 1.288 {heap Before GC invocations=1 (full 0):
 garbage-first heap   total reserved 31424512K, committed 2113536K, used 58767K [0x0000000082000000, 0x0000000800000000)
  region size 16384K, 5 young (81920K), 1 survivors (16384K)
}
Event: 1.291 {heap After GC invocations=2 (full 0):
 garbage-first heap   total reserved 31424512K, committed 2113536K, used 14196K [0x0000000082000000, 0x0000000800000000)
  region size 16384K, 1 young (16384K), 1 survivors (16384K)
}
Event: 1.517 {heap Before GC invocations=3 (full 0):
 garbage-first heap   total reserved 31424512K, committed 114688K, used 96116K [0x0000000082000000, 0x0000000800000000)
  region size 16384K, 6 young (98304K), 1 survivors (16384K)
}
Event: 1.522 {heap After GC invocations=4 (full 0):
 garbage-first heap   total reserved 31424512K, committed 147456K, used 28305K [0x0000000082000000, 0x0000000800000000)
  region size 16384K, 2 young (32768K), 2 survivors (32768K)
}
Event: 1.620 {heap Before GC invocations=4 (full 0):
 garbage-first heap   total reserved 31424512K, committed 147456K, used 77457K [0x0000000082000000, 0x0000000800000000)
  region size 16384K, 5 young (81920K), 2 survivors (32768K)
}
Event: 1.626 {heap After GC invocations=5 (full 0):
 garbage-first heap   total reserved 31424512K, committed 147456K, used 32783K [0x0000000082000000, 0x0000000800000000)
  region size 16384K, 1 young (16384K), 1 survivors (16384K)
}
Event: 1.753 {heap Before GC invocations=5 (full 0):
 garbage-first heap   total reserved 31424512K, committed 147456K, used 81935K [0x0000000082000000, 0x0000000800000000)
  region size 16384K, 4 young (65536K), 1 survivors (16384K)
}
Event: 1.757 {heap After GC invocations=6 (full 0):
 garbage-first heap   total reserved 31424512K, committed 147456K, used 38417K [0x0000000082000000, 0x0000000800000000)
  region size 16384K, 1 young (16384K), 1 survivors (16384K)
}
Event: 2.462 {heap Before GC invocations=6 (full 0):
 garbage-first heap   total reserved 31424512K, committed 147456K, used 103953K [0x0000000082000000, 0x0000000800000000)
  region size 16384K, 5 young (81920K), 1 survivors (16384K)
}
Event: 2.473 {heap After GC invocations=7 (full 0):
 garbage-first heap   total reserved 31424512K, committed 147456K, used 44301K [0x0000000082000000, 0x0000000800000000)
  region size 16384K, 1 young (16384K), 1 survivors (16384K)
}
Event: 2.962 {heap Before GC invocations=7 (full 0):
 garbage-first heap   total reserved 31424512K, committed 147456K, used 109837K [0x0000000082000000, 0x0000000800000000)
  region size 16384K, 5 young (81920K), 1 survivors (16384K)
}
Event: 2.973 {heap After GC invocations=8 (full 0):
 garbage-first heap   total reserved 31424512K, committed 1130496K, used 45898K [0x0000000082000000, 0x0000000800000000)
  region size 16384K, 1 young (16384K), 1 survivors (16384K)
}
Event: 4.187 {heap Before GC invocations=8 (full 0):
 garbage-first heap   total reserved 31424512K, committed 1130496K, used 291658K [0x0000000082000000, 0x0000000800000000)
  region size 16384K, 18 young (294912K), 1 survivors (16384K)
}
Event: 4.191 {heap After GC invocations=9 (full 0):
 garbage-first heap   total reserved 31424512K, committed 1130496K, used 52092K [0x0000000082000000, 0x0000000800000000)
  region size 16384K, 1 young (16384K), 1 survivors (16384K)
}
Event: 4.864 {heap Before GC invocations=10 (full 0):
 garbage-first heap   total reserved 31424512K, committed 229376K, used 150396K [0x0000000082000000, 0x0000000800000000)
  region size 16384K, 8 young (131072K), 1 survivors (16384K)
}
Event: 4.870 {heap After GC invocations=11 (full 0):
 garbage-first heap   total reserved 31424512K, committed 229376K, used 68820K [0x0000000082000000, 0x0000000800000000)
  region size 16384K, 1 young (16384K), 1 survivors (16384K)
}
Event: 5.212 {heap Before GC invocations=11 (full 0):
 garbage-first heap   total reserved 31424512K, committed 229376K, used 167124K [0x0000000082000000, 0x0000000800000000)
  region size 16384K, 7 young (114688K), 1 survivors (16384K)
}
Event: 5.224 {heap After GC invocations=12 (full 0):
 garbage-first heap   total reserved 31424512K, committed 229376K, used 65081K [0x0000000082000000, 0x0000000800000000)
  region size 16384K, 1 young (16384K), 1 survivors (16384K)
}
Event: 5.510 {heap Before GC invocations=12 (full 0):
 garbage-first heap   total reserved 31424512K, committed 229376K, used 163385K [0x0000000082000000, 0x0000000800000000)
  region size 16384K, 7 young (114688K), 1 survivors (16384K)
}
Event: 5.515 {heap After GC invocations=13 (full 0):
 garbage-first heap   total reserved 31424512K, committed 229376K, used 79099K [0x0000000082000000, 0x0000000800000000)
  region size 16384K, 1 young (16384K), 1 survivors (16384K)
}

